[2020-06-04 16:49:29,510][MainThread:22556][task_id:root][delete_log.py:15][INFO][文件保留：2天]
[2020-06-04 16:57:41,190][MainThread:24992][task_id:root][delete_log.py:17][INFO][日志保留：2天]
[2020-06-04 16:57:41,191][MainThread:24992][task_id:root][delete_log.py:24][INFO][文件夹['888', 'dd', 'delete_log', 'rr', 'ww']有日志1天]
[2020-06-04 16:57:41,192][MainThread:24992][task_id:root][delete_log.py:24][INFO][文件夹[]有日志2天]
[2020-06-04 16:57:41,193][MainThread:24992][task_id:root][delete_log.py:24][INFO][文件夹[]有日志1天]
[2020-06-04 16:57:41,194][MainThread:24992][task_id:root][delete_log.py:24][INFO][文件夹[]有日志1天]
[2020-06-04 16:57:41,195][MainThread:24992][task_id:root][delete_log.py:24][INFO][文件夹[]有日志1天]
[2020-06-04 16:57:41,196][MainThread:24992][task_id:root][delete_log.py:24][INFO][文件夹[]有日志1天]
[2020-06-04 16:58:16,777][MainThread:23764][task_id:root][delete_log.py:17][INFO][日志保留：2天]
[2020-06-04 16:58:16,777][MainThread:23764][task_id:root][delete_log.py:24][INFO][文件夹C:\Users\admin\PycharmProjects\twitter_ads_api\twitter_interface_background\logging/log_file/有日志1天]
[2020-06-04 16:58:16,778][MainThread:23764][task_id:root][delete_log.py:24][INFO][文件夹C:\Users\admin\PycharmProjects\twitter_ads_api\twitter_interface_background\logging/log_file/888有日志2天]
[2020-06-04 16:58:16,779][MainThread:23764][task_id:root][delete_log.py:24][INFO][文件夹C:\Users\admin\PycharmProjects\twitter_ads_api\twitter_interface_background\logging/log_file/dd有日志1天]
[2020-06-04 16:58:16,780][MainThread:23764][task_id:root][delete_log.py:24][INFO][文件夹C:\Users\admin\PycharmProjects\twitter_ads_api\twitter_interface_background\logging/log_file/delete_log有日志1天]
[2020-06-04 16:58:16,781][MainThread:23764][task_id:root][delete_log.py:24][INFO][文件夹C:\Users\admin\PycharmProjects\twitter_ads_api\twitter_interface_background\logging/log_file/rr有日志1天]
[2020-06-04 16:58:16,782][MainThread:23764][task_id:root][delete_log.py:24][INFO][文件夹C:\Users\admin\PycharmProjects\twitter_ads_api\twitter_interface_background\logging/log_file/ww有日志1天]
[2020-06-04 16:58:51,827][MainThread:5872][task_id:root][delete_log.py:17][INFO][日志保留：2天]
[2020-06-04 16:58:51,827][MainThread:5872][task_id:root][delete_log.py:24][INFO][文件夹有日志1天]
[2020-06-04 16:58:51,828][MainThread:5872][task_id:root][delete_log.py:24][INFO][文件夹888有日志2天]
[2020-06-04 16:58:51,829][MainThread:5872][task_id:root][delete_log.py:24][INFO][文件夹dd有日志1天]
[2020-06-04 16:58:51,830][MainThread:5872][task_id:root][delete_log.py:24][INFO][文件夹delete_log有日志1天]
[2020-06-04 16:58:51,831][MainThread:5872][task_id:root][delete_log.py:24][INFO][文件夹rr有日志1天]
[2020-06-04 16:58:51,832][MainThread:5872][task_id:root][delete_log.py:24][INFO][文件夹ww有日志1天]
[2020-06-04 16:59:53,448][MainThread:23908][task_id:root][delete_log.py:17][INFO][日志保留：2天]
[2020-06-04 16:59:53,449][MainThread:23908][task_id:root][delete_log.py:24][INFO][文件夹有日志1天]
[2020-06-04 16:59:53,450][MainThread:23908][task_id:root][delete_log.py:24][INFO][文件夹888有日志2天]
[2020-06-04 16:59:53,451][MainThread:23908][task_id:root][delete_log.py:24][INFO][文件夹dd有日志1天]
[2020-06-04 16:59:53,452][MainThread:23908][task_id:root][delete_log.py:24][INFO][文件夹delete_log有日志1天]
[2020-06-04 16:59:53,452][MainThread:23908][task_id:root][delete_log.py:24][INFO][文件夹rr有日志1天]
[2020-06-04 16:59:53,453][MainThread:23908][task_id:root][delete_log.py:24][INFO][文件夹ww有日志1天]
[2020-06-04 17:00:09,962][MainThread:31456][task_id:root][delete_log.py:17][INFO][日志保留：2天]
[2020-06-04 17:00:09,963][MainThread:31456][task_id:root][delete_log.py:24][INFO][文件夹有日志1天]
[2020-06-04 17:00:09,964][MainThread:31456][task_id:root][delete_log.py:24][INFO][文件夹888有日志3天]
[2020-06-04 17:00:09,964][MainThread:31456][task_id:root][delete_log.py:31][INFO][删除文件：C:\Users\admin\PycharmProjects\twitter_ads_api\twitter_interface_background\logging/log_file/888\888_20200602.log]
[2020-06-04 17:00:09,965][MainThread:31456][task_id:root][delete_log.py:24][INFO][文件夹dd有日志1天]
[2020-06-04 17:00:09,966][MainThread:31456][task_id:root][delete_log.py:24][INFO][文件夹delete_log有日志1天]
[2020-06-04 17:00:09,967][MainThread:31456][task_id:root][delete_log.py:24][INFO][文件夹rr有日志1天]
[2020-06-04 17:00:09,968][MainThread:31456][task_id:root][delete_log.py:24][INFO][文件夹ww有日志1天]
[2020-06-04 17:01:09,499][MainThread:10188][task_id:root][delete_log.py:17][INFO][日志保留：2天]
[2020-06-04 17:01:09,500][MainThread:10188][task_id:root][delete_log.py:24][INFO][文件夹有日志1天]
[2020-06-04 17:01:09,501][MainThread:10188][task_id:root][delete_log.py:24][INFO][文件夹888有日志3天]
[2020-06-04 17:01:09,502][MainThread:10188][task_id:root][delete_log.py:31][INFO][删除文件：C:\Users\admin\PycharmProjects\twitter_ads_api\twitter_interface_background\logging/log_file/888\888_20200602.log]
[2020-06-04 17:01:09,503][MainThread:10188][task_id:root][delete_log.py:31][INFO][删除文件：C:\Users\admin\PycharmProjects\twitter_ads_api\twitter_interface_background\logging/log_file/888\888_20200602.log.1]
[2020-06-04 17:01:09,504][MainThread:10188][task_id:root][delete_log.py:31][INFO][删除文件：C:\Users\admin\PycharmProjects\twitter_ads_api\twitter_interface_background\logging/log_file/888\888_20200602.log.2]
[2020-06-04 17:01:09,504][MainThread:10188][task_id:root][delete_log.py:24][INFO][文件夹dd有日志1天]
[2020-06-04 17:01:09,505][MainThread:10188][task_id:root][delete_log.py:24][INFO][文件夹delete_log有日志1天]
[2020-06-04 17:01:09,506][MainThread:10188][task_id:root][delete_log.py:24][INFO][文件夹rr有日志1天]
[2020-06-04 17:01:09,507][MainThread:10188][task_id:root][delete_log.py:24][INFO][文件夹ww有日志1天]
[2020-06-04 17:19:32,191][MainThread:28352][task_id:root][delete_log.py:17][INFO][日志保留：2天]
[2020-06-04 17:19:32,192][MainThread:28352][task_id:root][delete_log.py:24][INFO][文件夹有日志0天:[]]
[2020-06-04 17:19:32,194][MainThread:28352][task_id:root][delete_log.py:24][INFO][文件夹888有日志2天:['20200603', '20200604']]
[2020-06-04 17:19:32,194][MainThread:28352][task_id:root][delete_log.py:24][INFO][文件夹dd有日志1天:['20200601']]
[2020-06-04 17:19:32,195][MainThread:28352][task_id:root][delete_log.py:24][INFO][文件夹delete_log有日志1天:['20200604']]
[2020-06-04 17:19:32,196][MainThread:28352][task_id:root][delete_log.py:24][INFO][文件夹rr有日志1天:['20200601']]
[2020-06-04 17:19:32,197][MainThread:28352][task_id:root][delete_log.py:24][INFO][文件夹twitter_error有日志1天:['20200604']]
[2020-06-04 17:19:32,198][MainThread:28352][task_id:root][delete_log.py:24][INFO][文件夹ww有日志1天:['20200601']]
[2020-06-04 17:24:11,685][MainThread:30772][task_id:root][delete_log.py:17][INFO][日志保留：2天]
[2020-06-04 17:24:11,685][MainThread:30772][task_id:root][delete_log.py:24][INFO][文件夹有日志0天:[]]
[2020-06-04 17:24:11,687][MainThread:30772][task_id:root][delete_log.py:24][INFO][文件夹888有日志3天:['days=2', '20200604', '20200603']]
[2020-06-04 17:24:11,687][MainThread:30772][task_id:root][delete_log.py:31][INFO][删除文件：C:\Users\admin\PycharmProjects\twitter_ads_api\twitter_interface_background\logging/log_file/888\888_20200603.log]
[2020-06-04 17:24:11,687][MainThread:30772][task_id:root][delete_log.py:24][INFO][文件夹dd有日志1天:['20200601']]
[2020-06-04 17:24:11,688][MainThread:30772][task_id:root][delete_log.py:24][INFO][文件夹delete_log有日志1天:['20200604']]
[2020-06-04 17:24:11,689][MainThread:30772][task_id:root][delete_log.py:24][INFO][文件夹rr有日志1天:['20200601']]
[2020-06-04 17:24:11,690][MainThread:30772][task_id:root][delete_log.py:24][INFO][文件夹twitter_error有日志1天:['20200604']]
[2020-06-04 17:24:11,691][MainThread:30772][task_id:root][delete_log.py:24][INFO][文件夹ww有日志1天:['20200601']]
[2020-06-04 17:25:05,336][MainThread:18392][task_id:root][delete_log.py:17][INFO][日志保留：2天]
[2020-06-04 17:25:05,337][MainThread:18392][task_id:root][delete_log.py:24][INFO][文件夹有日志0天:[]]
[2020-06-04 17:25:05,338][MainThread:18392][task_id:root][delete_log.py:24][INFO][文件夹888有日志3天:['days=2', '20200603', '20200604']]
[2020-06-04 17:25:05,338][MainThread:18392][task_id:root][delete_log.py:31][INFO][删除文件：C:\Users\admin\PycharmProjects\twitter_ads_api\twitter_interface_background\logging/log_file/888\888_20200603.log]
[2020-06-04 17:25:05,339][MainThread:18392][task_id:root][delete_log.py:24][INFO][文件夹dd有日志1天:['20200601']]
[2020-06-04 17:25:05,340][MainThread:18392][task_id:root][delete_log.py:24][INFO][文件夹delete_log有日志1天:['20200604']]
[2020-06-04 17:25:05,341][MainThread:18392][task_id:root][delete_log.py:24][INFO][文件夹rr有日志1天:['20200601']]
[2020-06-04 17:25:05,342][MainThread:18392][task_id:root][delete_log.py:24][INFO][文件夹twitter_error有日志1天:['20200604']]
[2020-06-04 17:25:05,342][MainThread:18392][task_id:root][delete_log.py:24][INFO][文件夹ww有日志1天:['20200601']]
[2020-06-04 17:31:29,108][MainThread:28960][task_id:root][delete_log.py:17][INFO][日志保留：2天]
[2020-06-04 17:31:42,878][MainThread:31208][task_id:root][delete_log.py:17][INFO][日志保留：2天]
[2020-06-04 17:31:42,879][MainThread:31208][task_id:root][delete_log.py:26][INFO][文件夹有日志0天:[]]
[2020-06-04 17:33:20,202][MainThread:29976][task_id:root][delete_log.py:17][INFO][日志保留：2天]
[2020-06-04 17:33:20,203][MainThread:29976][task_id:root][delete_log.py:27][INFO][文件夹有日志0天:[]]
[2020-06-04 17:33:20,204][MainThread:29976][task_id:root][delete_log.py:27][INFO][文件夹888有日志3天:['20200603', 'days=2', '20200604']]
[2020-06-04 17:33:45,503][MainThread:1356][task_id:root][delete_log.py:17][INFO][日志保留：2天]
[2020-06-04 17:33:45,504][MainThread:1356][task_id:root][delete_log.py:28][INFO][文件夹有日志0天:[]]
[2020-06-04 17:33:45,505][MainThread:1356][task_id:root][delete_log.py:28][INFO][文件夹888有日志3天:['days=2', '20200604', '20200603']]
[2020-06-04 17:34:11,172][MainThread:30172][task_id:root][delete_log.py:17][INFO][日志保留：2天]
[2020-06-04 17:34:11,173][MainThread:30172][task_id:root][delete_log.py:28][INFO][文件夹有日志0天:[]]
[2020-06-04 17:34:11,174][MainThread:30172][task_id:root][delete_log.py:28][INFO][文件夹888有日志3天:['20200604', '20200603', 'days=2']]
[2020-06-04 17:34:28,121][MainThread:1672][task_id:root][delete_log.py:17][INFO][日志保留：2天]
[2020-06-04 17:34:28,122][MainThread:1672][task_id:root][delete_log.py:28][INFO][文件夹有日志0天:[]]
[2020-06-04 17:34:28,124][MainThread:1672][task_id:root][delete_log.py:28][INFO][文件夹888有日志3天:['20200604', 'days=2', '20200603']]
[2020-06-04 17:34:28,124][MainThread:1672][task_id:root][delete_log.py:35][INFO][删除文件：C:\Users\admin\PycharmProjects\twitter_ads_api\twitter_interface_background\logging/log_file/888\888_20200603.log]
[2020-06-04 17:34:28,124][MainThread:1672][task_id:root][delete_log.py:28][INFO][文件夹dd有日志1天:['20200601']]
[2020-06-04 17:34:28,125][MainThread:1672][task_id:root][delete_log.py:28][INFO][文件夹delete_log有日志1天:['20200604']]
[2020-06-04 17:34:28,126][MainThread:1672][task_id:root][delete_log.py:28][INFO][文件夹rr有日志1天:['20200601']]
[2020-06-04 17:34:28,127][MainThread:1672][task_id:root][delete_log.py:28][INFO][文件夹twitter_error有日志1天:['20200604']]
[2020-06-04 17:34:28,128][MainThread:1672][task_id:root][delete_log.py:28][INFO][文件夹ww有日志1天:['20200601']]
[2020-06-04 17:35:20,620][MainThread:29940][task_id:root][delete_log.py:17][INFO][日志保留：2天]
[2020-06-04 17:35:20,621][MainThread:29940][task_id:root][delete_log.py:28][INFO][文件夹有日志0天:[]]
[2020-06-04 17:35:20,622][MainThread:29940][task_id:root][delete_log.py:28][INFO][文件夹888有日志2天:['20200603', '20200604']]
[2020-06-04 17:35:20,623][MainThread:29940][task_id:root][delete_log.py:28][INFO][文件夹dd有日志1天:['20200601']]
[2020-06-04 17:35:20,624][MainThread:29940][task_id:root][delete_log.py:28][INFO][文件夹delete_log有日志1天:['20200604']]
[2020-06-04 17:35:20,625][MainThread:29940][task_id:root][delete_log.py:28][INFO][文件夹rr有日志1天:['20200601']]
[2020-06-04 17:35:20,627][MainThread:29940][task_id:root][delete_log.py:28][INFO][文件夹twitter_error有日志1天:['20200604']]
[2020-06-04 17:35:20,628][MainThread:29940][task_id:root][delete_log.py:28][INFO][文件夹ww有日志1天:['20200601']]
[2020-06-04 17:35:59,224][MainThread:19892][task_id:root][delete_log.py:17][INFO][日志保留：2天]
[2020-06-04 17:35:59,224][MainThread:19892][task_id:root][delete_log.py:27][INFO][文件夹有日志0天:[]]
[2020-06-04 17:35:59,225][MainThread:19892][task_id:root][delete_log.py:27][INFO][文件夹888有日志2天:['20200604', '20200603']]
[2020-06-04 17:35:59,226][MainThread:19892][task_id:root][delete_log.py:27][INFO][文件夹dd有日志1天:['20200601']]
[2020-06-04 17:35:59,227][MainThread:19892][task_id:root][delete_log.py:27][INFO][文件夹delete_log有日志1天:['20200604']]
[2020-06-04 17:35:59,229][MainThread:19892][task_id:root][delete_log.py:27][INFO][文件夹rr有日志1天:['20200601']]
[2020-06-04 17:35:59,230][MainThread:19892][task_id:root][delete_log.py:27][INFO][文件夹twitter_error有日志1天:['20200604']]
[2020-06-04 17:35:59,230][MainThread:19892][task_id:root][delete_log.py:27][INFO][文件夹ww有日志1天:['20200601']]
[2020-06-04 17:38:43,763][MainThread:30756][task_id:root][delete_log.py:17][INFO][日志保留：2天]
[2020-06-04 17:38:43,763][MainThread:30756][task_id:root][delete_log.py:27][INFO][文件夹有日志0天:[]]
[2020-06-04 17:38:43,764][MainThread:30756][task_id:root][delete_log.py:27][INFO][文件夹888有日志2天:['20200604', '20200603']]
[2020-06-04 17:38:43,765][MainThread:30756][task_id:root][delete_log.py:27][INFO][文件夹dd有日志1天:['20200601']]
[2020-06-04 17:38:43,766][MainThread:30756][task_id:root][delete_log.py:27][INFO][文件夹delete_log有日志1天:['20200604']]
[2020-06-04 17:38:43,767][MainThread:30756][task_id:root][delete_log.py:27][INFO][文件夹rr有日志1天:['20200601']]
[2020-06-04 17:38:43,768][MainThread:30756][task_id:root][delete_log.py:27][INFO][文件夹twitter_error有日志1天:['20200604']]
[2020-06-04 17:38:43,769][MainThread:30756][task_id:root][delete_log.py:27][INFO][文件夹ww有日志1天:['20200601']]
[2020-06-04 17:43:05,556][MainThread:22584][task_id:root][delete_log.py:17][INFO][日志保留：2天]
[2020-06-04 17:43:05,556][MainThread:22584][task_id:root][delete_log.py:27][INFO][文件夹有日志0天:[]]
[2020-06-04 17:43:05,557][MainThread:22584][task_id:root][delete_log.py:27][INFO][文件夹888有日志2天:['20200603', '20200604']]
[2020-06-04 17:43:05,558][MainThread:22584][task_id:root][delete_log.py:27][INFO][文件夹dd有日志1天:['20200601']]
[2020-06-04 17:43:05,559][MainThread:22584][task_id:root][delete_log.py:27][INFO][文件夹delete_log有日志1天:['20200604']]
[2020-06-04 17:43:05,560][MainThread:22584][task_id:root][delete_log.py:27][INFO][文件夹rr有日志1天:['20200601']]
[2020-06-04 17:43:05,560][MainThread:22584][task_id:root][delete_log.py:27][INFO][文件夹twitter_error有日志1天:['20200604']]
[2020-06-04 17:43:05,561][MainThread:22584][task_id:root][delete_log.py:27][INFO][文件夹ww有日志1天:['20200601']]
[2020-06-04 17:44:02,050][MainThread:9640][task_id:root][delete_log.py:17][INFO][日志保留：2天]
[2020-06-04 17:44:02,050][MainThread:9640][task_id:root][delete_log.py:27][INFO][文件夹有日志0天:[]]
[2020-06-04 17:44:02,052][MainThread:9640][task_id:root][delete_log.py:27][INFO][文件夹888有日志5天:['20200604', '202006033', '20200602', '20200501', '20200603']]
[2020-06-04 17:44:02,052][MainThread:9640][task_id:root][delete_log.py:34][INFO][删除文件：C:\Users\admin\PycharmProjects\twitter_ads_api\twitter_interface_background\logging/log_file/888\888_20200501.log]
[2020-06-04 17:44:02,054][MainThread:9640][task_id:root][delete_log.py:27][INFO][文件夹dd有日志1天:['20200601']]
[2020-06-04 17:44:02,055][MainThread:9640][task_id:root][delete_log.py:27][INFO][文件夹delete_log有日志1天:['20200604']]
[2020-06-04 17:44:02,056][MainThread:9640][task_id:root][delete_log.py:27][INFO][文件夹rr有日志1天:['20200601']]
[2020-06-04 17:44:02,056][MainThread:9640][task_id:root][delete_log.py:27][INFO][文件夹twitter_error有日志1天:['20200604']]
[2020-06-04 17:44:02,057][MainThread:9640][task_id:root][delete_log.py:27][INFO][文件夹ww有日志1天:['20200601']]
[2020-06-04 17:44:49,115][MainThread:21152][task_id:root][delete_log.py:17][INFO][日志保留：2天]
[2020-06-04 17:44:49,116][MainThread:21152][task_id:root][delete_log.py:27][INFO][文件夹有日志0天:[]]
[2020-06-04 17:44:49,118][MainThread:21152][task_id:root][delete_log.py:27][INFO][文件夹888有日志6天:['20200604', '20200603', '20200602', '202005031', '20200501', '202006033']]
[2020-06-04 17:44:49,118][MainThread:21152][task_id:root][delete_log.py:34][INFO][删除文件：C:\Users\admin\PycharmProjects\twitter_ads_api\twitter_interface_background\logging/log_file/888\888_20200501.log]
[2020-06-04 17:44:49,118][MainThread:21152][task_id:root][delete_log.py:34][INFO][删除文件：C:\Users\admin\PycharmProjects\twitter_ads_api\twitter_interface_background\logging/log_file/888\888_202005031.log]
[2020-06-04 17:44:49,119][MainThread:21152][task_id:root][delete_log.py:27][INFO][文件夹dd有日志1天:['20200601']]
[2020-06-04 17:44:49,120][MainThread:21152][task_id:root][delete_log.py:27][INFO][文件夹delete_log有日志1天:['20200604']]
[2020-06-04 17:44:49,121][MainThread:21152][task_id:root][delete_log.py:27][INFO][文件夹rr有日志1天:['20200601']]
[2020-06-04 17:44:49,122][MainThread:21152][task_id:root][delete_log.py:27][INFO][文件夹twitter_error有日志1天:['20200604']]
[2020-06-04 17:44:49,123][MainThread:21152][task_id:root][delete_log.py:27][INFO][文件夹ww有日志1天:['20200601']]
[2020-06-04 17:45:52,870][MainThread:23664][task_id:root][delete_log.py:17][INFO][日志保留：2天]
[2020-06-04 17:45:52,870][MainThread:23664][task_id:root][delete_log.py:27][INFO][文件夹有日志0天:[]]
[2020-06-04 17:45:52,873][MainThread:23664][task_id:root][delete_log.py:27][INFO][文件夹888有日志6天:[202005031, 202006033, 20200501, 20200602, 20200603, 20200604]]
[2020-06-04 17:46:36,949][MainThread:14348][task_id:root][delete_log.py:17][INFO][日志保留：2天]
[2020-06-04 17:46:36,950][MainThread:14348][task_id:root][delete_log.py:27][INFO][文件夹有日志0天:[]]
[2020-06-04 17:46:36,951][MainThread:14348][task_id:root][delete_log.py:27][INFO][文件夹888有日志6天:[202005031, 202006033, 20200501, 20200602, 20200603, 20200604]]
[2020-06-04 17:49:02,575][MainThread:21788][task_id:root][delete_log.py:17][INFO][日志保留：2天]
[2020-06-04 17:49:02,575][MainThread:21788][task_id:root][delete_log.py:27][INFO][文件夹有日志0天:[]]
[2020-06-04 17:49:02,578][MainThread:21788][task_id:root][delete_log.py:27][INFO][文件夹888有日志6天:[202005031, 202006033, 20200501, 20200602, 20200603, 20200604]]
[2020-06-04 17:49:02,579][MainThread:21788][task_id:root][delete_log.py:35][INFO][删除文件：C:\Users\admin\PycharmProjects\twitter_ads_api\twitter_interface_background\logging/log_file/888\888_20200501.log]
[2020-06-04 17:49:02,579][MainThread:21788][task_id:root][delete_log.py:35][INFO][删除文件：C:\Users\admin\PycharmProjects\twitter_ads_api\twitter_interface_background\logging/log_file/888\888_20200602.log]
[2020-06-04 17:49:02,580][MainThread:21788][task_id:root][delete_log.py:27][INFO][文件夹dd有日志1天:[20200601]]
[2020-06-04 17:49:02,581][MainThread:21788][task_id:root][delete_log.py:27][INFO][文件夹delete_log有日志1天:[20200604]]
[2020-06-04 17:49:02,582][MainThread:21788][task_id:root][delete_log.py:27][INFO][文件夹rr有日志1天:[20200601]]
[2020-06-04 17:49:02,583][MainThread:21788][task_id:root][delete_log.py:27][INFO][文件夹twitter_error有日志1天:[20200604]]
[2020-06-04 17:49:02,583][MainThread:21788][task_id:root][delete_log.py:27][INFO][文件夹ww有日志1天:[20200601]]
[2020-06-04 17:49:11,482][MainThread:18356][task_id:root][delete_log.py:17][INFO][日志保留：2天]
[2020-06-04 17:49:11,483][MainThread:18356][task_id:root][delete_log.py:27][INFO][文件夹有日志0天:[]]
[2020-06-04 17:49:11,485][MainThread:18356][task_id:root][delete_log.py:27][INFO][文件夹888有日志6天:[202005031, 202006033, 20200501, 20200602, 20200603, 20200604]]
[2020-06-04 17:49:11,485][MainThread:18356][task_id:root][delete_log.py:34][INFO][删除文件：C:\Users\admin\PycharmProjects\twitter_ads_api\twitter_interface_background\logging/log_file/888\888_20200501.log]
[2020-06-04 17:49:11,485][MainThread:18356][task_id:root][delete_log.py:34][INFO][删除文件：C:\Users\admin\PycharmProjects\twitter_ads_api\twitter_interface_background\logging/log_file/888\888_20200602.log]
[2020-06-04 17:49:11,486][MainThread:18356][task_id:root][delete_log.py:27][INFO][文件夹dd有日志1天:[20200601]]
[2020-06-04 17:49:11,487][MainThread:18356][task_id:root][delete_log.py:27][INFO][文件夹delete_log有日志1天:[20200604]]
[2020-06-04 17:49:11,488][MainThread:18356][task_id:root][delete_log.py:27][INFO][文件夹rr有日志1天:[20200601]]
[2020-06-04 17:49:11,488][MainThread:18356][task_id:root][delete_log.py:27][INFO][文件夹twitter_error有日志1天:[20200604]]
[2020-06-04 17:49:11,489][MainThread:18356][task_id:root][delete_log.py:27][INFO][文件夹ww有日志1天:[20200601]]
[2020-06-04 17:49:27,913][MainThread:6184][task_id:root][delete_log.py:17][INFO][日志保留：2天]
[2020-06-04 17:49:27,913][MainThread:6184][task_id:root][delete_log.py:28][INFO][文件夹有日志0天:[]]
[2020-06-04 17:49:27,916][MainThread:6184][task_id:root][delete_log.py:28][INFO][文件夹888有日志6天:[202005031, 202006033, 20200501, 20200602, 20200603, 20200604]]
[2020-06-04 17:49:27,916][MainThread:6184][task_id:root][delete_log.py:35][INFO][删除文件：C:\Users\admin\PycharmProjects\twitter_ads_api\twitter_interface_background\logging/log_file/888\888_20200501.log]
[2020-06-04 17:49:27,917][MainThread:6184][task_id:root][delete_log.py:35][INFO][删除文件：C:\Users\admin\PycharmProjects\twitter_ads_api\twitter_interface_background\logging/log_file/888\888_20200602.log]
[2020-06-04 17:49:27,917][MainThread:6184][task_id:root][delete_log.py:28][INFO][文件夹dd有日志1天:[20200601]]
[2020-06-04 17:49:27,918][MainThread:6184][task_id:root][delete_log.py:28][INFO][文件夹delete_log有日志1天:[20200604]]
[2020-06-04 17:49:27,919][MainThread:6184][task_id:root][delete_log.py:28][INFO][文件夹rr有日志1天:[20200601]]
[2020-06-04 17:49:27,920][MainThread:6184][task_id:root][delete_log.py:28][INFO][文件夹twitter_error有日志1天:[20200604]]
[2020-06-04 17:49:27,921][MainThread:6184][task_id:root][delete_log.py:28][INFO][文件夹ww有日志1天:[20200601]]
[2020-06-04 17:50:56,640][MainThread:30544][task_id:root][delete_log.py:22][INFO][日志保留：2天]
[2020-06-04 17:50:56,641][MainThread:30544][task_id:root][delete_log.py:27][INFO][文件夹有日志0天:[]]
[2020-06-04 17:50:56,641][MainThread:30544][task_id:root][delete_log.py:22][INFO][日志保留：4天]
[2020-06-04 17:50:56,643][MainThread:30544][task_id:root][delete_log.py:27][INFO][文件夹888有日志6天:[202005031, 202006033, 20200501, 20200602, 20200603, 20200604]]
[2020-06-04 17:50:56,643][MainThread:30544][task_id:root][delete_log.py:34][INFO][删除文件：C:\Users\admin\PycharmProjects\twitter_ads_api\twitter_interface_background\logging/log_file/888\888_20200501.log]
[2020-06-04 17:50:56,643][MainThread:30544][task_id:root][delete_log.py:34][INFO][删除文件：C:\Users\admin\PycharmProjects\twitter_ads_api\twitter_interface_background\logging/log_file/888\888_20200602.log]
[2020-06-04 17:50:56,644][MainThread:30544][task_id:root][delete_log.py:22][INFO][日志保留：2天]
[2020-06-04 17:50:56,644][MainThread:30544][task_id:root][delete_log.py:27][INFO][文件夹dd有日志1天:[20200601]]
[2020-06-04 17:50:56,646][MainThread:30544][task_id:root][delete_log.py:22][INFO][日志保留：2天]
[2020-06-04 17:50:56,646][MainThread:30544][task_id:root][delete_log.py:27][INFO][文件夹delete_log有日志1天:[20200604]]
[2020-06-04 17:50:56,647][MainThread:30544][task_id:root][delete_log.py:22][INFO][日志保留：2天]
[2020-06-04 17:50:56,647][MainThread:30544][task_id:root][delete_log.py:27][INFO][文件夹rr有日志1天:[20200601]]
[2020-06-04 17:50:56,648][MainThread:30544][task_id:root][delete_log.py:22][INFO][日志保留：10天]
[2020-06-04 17:50:56,648][MainThread:30544][task_id:root][delete_log.py:27][INFO][文件夹twitter_error有日志1天:[20200604]]
[2020-06-04 17:50:56,649][MainThread:30544][task_id:root][delete_log.py:22][INFO][日志保留：2天]
[2020-06-04 17:50:56,649][MainThread:30544][task_id:root][delete_log.py:27][INFO][文件夹ww有日志1天:[20200601]]
[2020-06-04 17:52:09,772][MainThread:17660][task_id:root][delete_log.py:26][INFO][文件夹,日只保留0天，有日志2天:[]]
[2020-06-04 17:52:09,774][MainThread:17660][task_id:root][delete_log.py:26][INFO][文件夹888,日只保留6天，有日志4天:[202005031, 202006033, 20200501, 20200602, 20200603, 20200604]]
[2020-06-04 17:52:09,774][MainThread:17660][task_id:root][delete_log.py:33][INFO][删除文件：C:\Users\admin\PycharmProjects\twitter_ads_api\twitter_interface_background\logging/log_file/888\888_20200501.log]
[2020-06-04 17:52:09,774][MainThread:17660][task_id:root][delete_log.py:33][INFO][删除文件：C:\Users\admin\PycharmProjects\twitter_ads_api\twitter_interface_background\logging/log_file/888\888_20200602.log]
[2020-06-04 17:52:09,775][MainThread:17660][task_id:root][delete_log.py:26][INFO][文件夹dd,日只保留1天，有日志2天:[20200601]]
[2020-06-04 17:52:09,776][MainThread:17660][task_id:root][delete_log.py:26][INFO][文件夹delete_log,日只保留1天，有日志2天:[20200604]]
[2020-06-04 17:52:09,776][MainThread:17660][task_id:root][delete_log.py:26][INFO][文件夹rr,日只保留1天，有日志2天:[20200601]]
[2020-06-04 17:52:09,777][MainThread:17660][task_id:root][delete_log.py:26][INFO][文件夹twitter_error,日只保留1天，有日志10天:[20200604]]
[2020-06-04 17:52:09,778][MainThread:17660][task_id:root][delete_log.py:26][INFO][文件夹ww,日只保留1天，有日志2天:[20200601]]
[2020-06-04 17:52:28,132][MainThread:12760][task_id:root][delete_log.py:26][INFO][文件夹,日志保留0天，有日志2天:[]]
[2020-06-04 17:52:28,134][MainThread:12760][task_id:root][delete_log.py:26][INFO][文件夹888,日志保留6天，有日志4天:[202005031, 202006033, 20200501, 20200602, 20200603, 20200604]]
[2020-06-04 17:52:28,135][MainThread:12760][task_id:root][delete_log.py:33][INFO][删除文件：C:\Users\admin\PycharmProjects\twitter_ads_api\twitter_interface_background\logging/log_file/888\888_20200501.log]
[2020-06-04 17:52:28,135][MainThread:12760][task_id:root][delete_log.py:33][INFO][删除文件：C:\Users\admin\PycharmProjects\twitter_ads_api\twitter_interface_background\logging/log_file/888\888_20200602.log]
[2020-06-04 17:52:28,135][MainThread:12760][task_id:root][delete_log.py:26][INFO][文件夹dd,日志保留1天，有日志2天:[20200601]]
[2020-06-04 17:52:28,136][MainThread:12760][task_id:root][delete_log.py:26][INFO][文件夹delete_log,日志保留1天，有日志2天:[20200604]]
[2020-06-04 17:52:28,137][MainThread:12760][task_id:root][delete_log.py:26][INFO][文件夹rr,日志保留1天，有日志2天:[20200601]]
[2020-06-04 17:52:28,138][MainThread:12760][task_id:root][delete_log.py:26][INFO][文件夹twitter_error,日志保留1天，有日志10天:[20200604]]
[2020-06-04 17:52:28,139][MainThread:12760][task_id:root][delete_log.py:26][INFO][文件夹ww,日志保留1天，有日志2天:[20200601]]
[2020-06-04 17:53:04,810][MainThread:17324][task_id:root][delete_log.py:26][INFO][文件夹,日志保留2天，有日志0天:[]]
[2020-06-04 17:53:04,812][MainThread:17324][task_id:root][delete_log.py:26][INFO][文件夹888,日志保留4天，有日志6天:[202005031, 202006033, 20200501, 20200602, 20200603, 20200604]]
[2020-06-04 17:53:04,813][MainThread:17324][task_id:root][delete_log.py:33][INFO][删除文件：C:\Users\admin\PycharmProjects\twitter_ads_api\twitter_interface_background\logging/log_file/888\888_20200501.log]
[2020-06-04 17:53:04,813][MainThread:17324][task_id:root][delete_log.py:33][INFO][删除文件：C:\Users\admin\PycharmProjects\twitter_ads_api\twitter_interface_background\logging/log_file/888\888_20200602.log]
[2020-06-04 17:53:04,814][MainThread:17324][task_id:root][delete_log.py:26][INFO][文件夹dd,日志保留2天，有日志1天:[20200601]]
[2020-06-04 17:53:04,814][MainThread:17324][task_id:root][delete_log.py:26][INFO][文件夹delete_log,日志保留2天，有日志1天:[20200604]]
[2020-06-04 17:53:04,816][MainThread:17324][task_id:root][delete_log.py:26][INFO][文件夹rr,日志保留2天，有日志1天:[20200601]]
[2020-06-04 17:53:04,817][MainThread:17324][task_id:root][delete_log.py:26][INFO][文件夹twitter_error,日志保留10天，有日志1天:[20200604]]
[2020-06-04 17:53:04,818][MainThread:17324][task_id:root][delete_log.py:26][INFO][文件夹ww,日志保留2天，有日志1天:[20200601]]
[2020-06-04 17:55:17,394][MainThread:28800][task_id:root][delete_log.py:26][INFO][文件夹,日志保留2天，有日志0天:[]]
[2020-06-04 17:55:17,396][MainThread:28800][task_id:root][delete_log.py:26][INFO][文件夹888,日志保留4天，有日志6天:['20200603', '202005031', '20200604', '20200602', '20200501', '202006033']]
[2020-06-04 17:55:17,397][MainThread:28800][task_id:root][delete_log.py:33][INFO][删除文件：C:\Users\admin\PycharmProjects\twitter_ads_api\twitter_interface_background\logging/log_file/888\888_20200501.log]
[2020-06-04 17:55:17,397][MainThread:28800][task_id:root][delete_log.py:33][INFO][删除文件：C:\Users\admin\PycharmProjects\twitter_ads_api\twitter_interface_background\logging/log_file/888\888_202005031.log]
[2020-06-04 17:55:17,398][MainThread:28800][task_id:root][delete_log.py:26][INFO][文件夹dd,日志保留2天，有日志1天:['20200601']]
[2020-06-04 17:55:17,399][MainThread:28800][task_id:root][delete_log.py:26][INFO][文件夹delete_log,日志保留2天，有日志1天:['20200604']]
[2020-06-04 17:55:17,399][MainThread:28800][task_id:root][delete_log.py:26][INFO][文件夹rr,日志保留2天，有日志1天:['20200601']]
[2020-06-04 17:55:17,400][MainThread:28800][task_id:root][delete_log.py:26][INFO][文件夹twitter_error,日志保留10天，有日志1天:['20200604']]
[2020-06-04 17:55:17,401][MainThread:28800][task_id:root][delete_log.py:26][INFO][文件夹ww,日志保留2天，有日志1天:['20200601']]
[2020-06-04 17:56:12,425][MainThread:31968][task_id:root][delete_log.py:26][INFO][文件夹,日志保留2天，有日志0天:[]]
[2020-06-04 17:56:12,428][MainThread:31968][task_id:root][delete_log.py:26][INFO][文件夹888,日志保留4天，有日志6天:['202006033', '20200501', '202005031', '20200604', '20200602', '20200603']]
[2020-06-04 17:56:12,428][MainThread:31968][task_id:root][delete_log.py:33][INFO][删除文件：C:\Users\admin\PycharmProjects\twitter_ads_api\twitter_interface_background\logging/log_file/888\888_20200501.log]
[2020-06-04 17:56:12,429][MainThread:31968][task_id:root][delete_log.py:33][INFO][删除文件：C:\Users\admin\PycharmProjects\twitter_ads_api\twitter_interface_background\logging/log_file/888\888_202005031.log]
[2020-06-04 17:56:12,431][MainThread:31968][task_id:root][delete_log.py:26][INFO][文件夹dd,日志保留2天，有日志1天:['20200601']]
[2020-06-04 17:56:12,432][MainThread:31968][task_id:root][delete_log.py:26][INFO][文件夹delete_log,日志保留2天，有日志1天:['20200604']]
[2020-06-04 17:56:12,432][MainThread:31968][task_id:root][delete_log.py:26][INFO][文件夹rr,日志保留2天，有日志1天:['20200601']]
[2020-06-04 17:56:12,433][MainThread:31968][task_id:root][delete_log.py:26][INFO][文件夹twitter_error,日志保留10天，有日志1天:['20200604']]
[2020-06-04 17:56:12,434][MainThread:31968][task_id:root][delete_log.py:26][INFO][文件夹ww,日志保留2天，有日志1天:['20200601']]
[2020-06-04 18:02:43,187][MainThread:30072][task_id:root][delete_log.py:26][INFO][文件夹-------日志保留2天--------有日志0天:[]]
[2020-06-04 18:02:43,189][MainThread:30072][task_id:root][delete_log.py:26][INFO][文件夹888-------日志保留4天--------有日志4天:['202006033', '20200602', '20200604', '20200603']]
[2020-06-04 18:02:43,190][MainThread:30072][task_id:root][delete_log.py:26][INFO][文件夹dd-------日志保留2天--------有日志1天:['20200601']]
[2020-06-04 18:02:43,191][MainThread:30072][task_id:root][delete_log.py:26][INFO][文件夹delete_log-------日志保留2天--------有日志1天:['20200604']]
[2020-06-04 18:02:43,191][MainThread:30072][task_id:root][delete_log.py:26][INFO][文件夹rr-------日志保留2天--------有日志1天:['20200601']]
[2020-06-04 18:02:43,192][MainThread:30072][task_id:root][delete_log.py:26][INFO][文件夹twitter_error-------日志保留10天--------有日志1天:['20200604']]
[2020-06-04 18:02:43,193][MainThread:30072][task_id:root][delete_log.py:26][INFO][文件夹ww-------日志保留2天--------有日志1天:['20200601']]
[2020-06-04 18:16:38,343][MainThread:26180][task_id:root][delete_log.py:27][INFO][文件夹-------日志保留2天--------有日志0天:[]]
[2020-06-04 18:16:38,345][MainThread:26180][task_id:root][delete_log.py:27][INFO][文件夹888-------日志保留4天--------有日志5天:['20200601', '20200604', '20200603', '20200602', '202006033']]
[2020-06-04 18:16:38,347][MainThread:26180][task_id:root][delete_log.py:34][INFO][删除文件：C:\Users\admin\PycharmProjects\twitter_ads_api\twitter_interface_background\logging/log_file/888\888_20200601.log]
[2020-06-04 18:16:38,347][MainThread:26180][task_id:root][delete_log.py:27][INFO][文件夹dd-------日志保留2天--------有日志1天:['20200601']]
[2020-06-04 18:16:38,348][MainThread:26180][task_id:root][delete_log.py:27][INFO][文件夹delete_log-------日志保留2天--------有日志1天:['20200604']]
[2020-06-04 18:16:38,349][MainThread:26180][task_id:root][delete_log.py:27][INFO][文件夹rr-------日志保留2天--------有日志1天:['20200601']]
[2020-06-04 18:16:38,350][MainThread:26180][task_id:root][delete_log.py:27][INFO][文件夹twitter_error-------日志保留10天--------有日志1天:['20200604']]
[2020-06-04 18:16:38,351][MainThread:26180][task_id:root][delete_log.py:27][INFO][文件夹ww-------日志保留2天--------有日志1天:['20200601']]
[2020-06-04 18:30:03,181][MainThread:22640][task_id:root][delete_log.py:27][INFO][文件夹-------日志保留2天--------有日志0天:[]]
[2020-06-04 18:30:03,183][MainThread:22640][task_id:root][delete_log.py:27][INFO][文件夹888-------日志保留4天--------有日志4天:['20200603', '202006033', '20200604', '20200602']]
[2020-06-04 18:30:03,183][MainThread:22640][task_id:root][delete_log.py:27][INFO][文件夹dd-------日志保留2天--------有日志1天:['20200601']]
[2020-06-04 18:30:03,184][MainThread:22640][task_id:root][delete_log.py:27][INFO][文件夹delete_log-------日志保留2天--------有日志1天:['20200604']]
[2020-06-04 18:30:03,185][MainThread:22640][task_id:root][delete_log.py:27][INFO][文件夹rr-------日志保留2天--------有日志1天:['20200601']]
[2020-06-04 18:30:03,186][MainThread:22640][task_id:root][delete_log.py:27][INFO][文件夹twitter_error-------日志保留10天--------有日志1天:['20200604']]
[2020-06-04 18:30:03,187][MainThread:22640][task_id:root][delete_log.py:27][INFO][文件夹ww-------日志保留2天--------有日志1天:['20200601']]
[2020-06-04 18:30:14,912][MainThread:31260][task_id:root][delete_log.py:27][INFO][文件夹-------日志保留2天--------有日志0天:[]]
[2020-06-04 18:30:14,914][MainThread:31260][task_id:root][delete_log.py:27][INFO][文件夹888-------日志保留4天--------有日志4天:['202006033', '20200604', '20200603', '20200602']]
[2020-06-04 18:30:14,914][MainThread:31260][task_id:root][delete_log.py:27][INFO][文件夹dd-------日志保留2天--------有日志1天:['20200601']]
[2020-06-04 18:30:14,915][MainThread:31260][task_id:root][delete_log.py:27][INFO][文件夹delete_log-------日志保留2天--------有日志1天:['20200604']]
[2020-06-04 18:30:14,916][MainThread:31260][task_id:root][delete_log.py:27][INFO][文件夹rr-------日志保留2天--------有日志1天:['20200601']]
[2020-06-04 18:30:14,917][MainThread:31260][task_id:root][delete_log.py:27][INFO][文件夹twitter_error-------日志保留10天--------有日志1天:['20200604']]
[2020-06-04 18:30:14,918][MainThread:31260][task_id:root][delete_log.py:27][INFO][文件夹ww-------日志保留2天--------有日志1天:['20200601']]
[2020-06-04 18:30:30,063][MainThread:11672][task_id:root][delete_log.py:27][INFO][文件夹-------日志保留2天--------有日志0天:[]]
[2020-06-04 18:30:30,065][MainThread:11672][task_id:root][delete_log.py:27][INFO][文件夹888-------日志保留4天--------有日志4天:['202006033', '20200603', '20200604', '20200602']]
[2020-06-04 18:30:30,066][MainThread:11672][task_id:root][delete_log.py:27][INFO][文件夹dd-------日志保留2天--------有日志1天:['20200601']]
[2020-06-04 18:30:30,067][MainThread:11672][task_id:root][delete_log.py:27][INFO][文件夹delete_log-------日志保留2天--------有日志1天:['20200604']]
[2020-06-04 18:30:30,067][MainThread:11672][task_id:root][delete_log.py:27][INFO][文件夹rr-------日志保留2天--------有日志1天:['20200601']]
[2020-06-04 18:30:30,068][MainThread:11672][task_id:root][delete_log.py:27][INFO][文件夹twitter_error-------日志保留10天--------有日志1天:['20200604']]
[2020-06-04 18:30:30,069][MainThread:11672][task_id:root][delete_log.py:27][INFO][文件夹ww-------日志保留2天--------有日志1天:['20200601']]
[2020-06-04 18:31:02,947][MainThread:18224][task_id:root][delete_log.py:27][INFO][文件夹-------日志保留2天--------有日志0天:[]]
[2020-06-04 18:31:02,949][MainThread:18224][task_id:root][delete_log.py:27][INFO][文件夹888-------日志保留4天--------有日志4天:['20200604', '202006033', '20200603', '20200602']]
[2020-06-04 18:31:02,950][MainThread:18224][task_id:root][delete_log.py:27][INFO][文件夹dd-------日志保留2天--------有日志1天:['20200601']]
[2020-06-04 18:31:02,951][MainThread:18224][task_id:root][delete_log.py:27][INFO][文件夹delete_log-------日志保留2天--------有日志1天:['20200604']]
[2020-06-04 18:31:02,952][MainThread:18224][task_id:root][delete_log.py:27][INFO][文件夹rr-------日志保留2天--------有日志1天:['20200601']]
[2020-06-04 18:31:02,952][MainThread:18224][task_id:root][delete_log.py:27][INFO][文件夹twitter_error-------日志保留10天--------有日志1天:['20200604']]
[2020-06-04 18:31:02,953][MainThread:18224][task_id:root][delete_log.py:27][INFO][文件夹ww-------日志保留2天--------有日志1天:['20200601']]
[2020-06-04 18:31:09,968][MainThread:28832][task_id:root][delete_log.py:27][INFO][文件夹-------日志保留2天--------有日志0天:[]]
[2020-06-04 18:31:09,970][MainThread:28832][task_id:root][delete_log.py:27][INFO][文件夹888-------日志保留4天--------有日志4天:['20200603', '202006033', '20200602', '20200604']]
[2020-06-04 18:31:09,970][MainThread:28832][task_id:root][delete_log.py:27][INFO][文件夹dd-------日志保留2天--------有日志1天:['20200601']]
[2020-06-04 18:31:09,971][MainThread:28832][task_id:root][delete_log.py:27][INFO][文件夹delete_log-------日志保留2天--------有日志1天:['20200604']]
[2020-06-04 18:31:09,972][MainThread:28832][task_id:root][delete_log.py:27][INFO][文件夹rr-------日志保留2天--------有日志1天:['20200601']]
[2020-06-04 18:31:09,973][MainThread:28832][task_id:root][delete_log.py:27][INFO][文件夹twitter_error-------日志保留10天--------有日志1天:['20200604']]
[2020-06-04 18:31:09,974][MainThread:28832][task_id:root][delete_log.py:27][INFO][文件夹ww-------日志保留2天--------有日志1天:['20200601']]
